<?xml version="1.0" encoding="UTF-8"?>
<testsuite name="TestSuite" time="6.562" tests="5" errors="0" skipped="0" failures="0">
  <properties>
[...]
</properties>
  <testcase name="loginAsBankManager" classname="testcases.BankManagerLoginTest" time="0.647"/>
  <testcase name="addCustomer" classname="testcases.AddCustomerTest" time="2.478"/>
  <testcase name="addCustomer" classname="testcases.AddCustomerTest" time="2.014"/>
  <testcase name="addCustomer" classname="testcases.AddCustomerTest" time="1.958"/>
  <testcase name="openAccount" classname="testcases.OpenAccountTest" time="3.437"/>
</testsuite>