<?xml version="1.0" encoding="UTF-8"?>
<testng-results ignored="0" total="5" passed="5" failed="0" skipped="0">
  <reporter-output>
  </reporter-output>
  <suite started-at="2023-09-21T12:10:55Z" name="TestNG Framework" finished-at="2023-09-21T12:11:07Z" duration-ms="11870">
    <groups>
    </groups>
    <test started-at="2023-09-21T12:10:55Z" name="Bank Manager Test" finished-at="2023-09-21T12:10:56Z" duration-ms="719">
      <class name="testcases.BankManagerLoginTest">
        <test-method signature="loginAsBankManager()[pri:0, instance:testcases.BankManagerLoginTest@757d6814]" started-at="2023-09-21T12:10:55Z" name="loginAsBankManager" finished-at="2023-09-21T12:10:56Z" duration-ms="644" status="PASS">
          <reporter-output>
          </reporter-output>
        </test-method> <!-- loginAsBankManager -->
      </class> <!-- testcases.BankManagerLoginTest -->
    </test> <!-- Bank Manager Test -->
    <test started-at="2023-09-21T12:10:57Z" name="Add Customer Test" finished-at="2023-09-21T12:11:03Z" duration-ms="6528">
      <class name="testcases.AddCustomerTest">
        <test-method signature="addCustomer(java.lang.String, java.lang.String, java.lang.String)[pri:0, instance:testcases.AddCustomerTest@3d8bbcdc]" started-at="2023-09-21T12:10:57Z" name="addCustomer" data-provider="data" finished-at="2023-09-21T12:10:59Z" duration-ms="2418" status="PASS">
          <params>
            <param index="0">
              <value>
                <![CDATA[Rahul]]>
              </value>
            </param>
            <param index="1">
              <value>
                <![CDATA[Arora]]>
              </value>
            </param>
            <param index="2">
              <value>
                <![CDATA[A234234]]>
              </value>
            </param>
          </params>
          <reporter-output>
          </reporter-output>
        </test-method> <!-- addCustomer -->
        <test-method signature="addCustomer(java.lang.String, java.lang.String, java.lang.String)[pri:0, instance:testcases.AddCustomerTest@3d8bbcdc]" started-at="2023-09-21T12:10:59Z" name="addCustomer" data-provider="data" finished-at="2023-09-21T12:11:01Z" duration-ms="1986" status="PASS">
          <params>
            <param index="0">
              <value>
                <![CDATA[Cory]]>
              </value>
            </param>
            <param index="1">
              <value>
                <![CDATA[Paul]]>
              </value>
            </param>
            <param index="2">
              <value>
                <![CDATA[S3424]]>
              </value>
            </param>
          </params>
          <reporter-output>
          </reporter-output>
        </test-method> <!-- addCustomer -->
        <test-method signature="addCustomer(java.lang.String, java.lang.String, java.lang.String)[pri:0, instance:testcases.AddCustomerTest@3d8bbcdc]" started-at="2023-09-21T12:11:01Z" name="addCustomer" data-provider="data" finished-at="2023-09-21T12:11:03Z" duration-ms="1987" status="PASS">
          <params>
            <param index="0">
              <value>
                <![CDATA[Raman]]>
              </value>
            </param>
            <param index="1">
              <value>
                <![CDATA[Ahuja]]>
              </value>
            </param>
            <param index="2">
              <value>
                <![CDATA[23343.0]]>
              </value>
            </param>
          </params>
          <reporter-output>
          </reporter-output>
        </test-method> <!-- addCustomer -->
      </class> <!-- testcases.AddCustomerTest -->
    </test> <!-- Add Customer Test -->
    <test started-at="2023-09-21T12:11:03Z" name="Open Account Test" finished-at="2023-09-21T12:11:07Z" duration-ms="3417">
      <class name="testcases.OpenAccountTest">
        <test-method is-config="true" signature="setUp()[pri:0, instance:testcases.OpenAccountTest@4215838f]" started-at="2023-09-21T12:10:40Z" name="setUp" finished-at="2023-09-21T12:10:55Z" duration-ms="14676" status="PASS">
          <reporter-output>
          </reporter-output>
        </test-method> <!-- setUp -->
        <test-method signature="openAccount(java.lang.String, java.lang.String)[pri:0, instance:testcases.OpenAccountTest@4215838f]" started-at="2023-09-21T12:11:03Z" name="openAccount" data-provider="data" finished-at="2023-09-21T12:11:07Z" duration-ms="3414" status="PASS">
          <params>
            <param index="0">
              <value>
                <![CDATA[Rahul Arora]]>
              </value>
            </param>
            <param index="1">
              <value>
                <![CDATA[Rupee]]>
              </value>
            </param>
          </params>
          <reporter-output>
          </reporter-output>
        </test-method> <!-- openAccount -->
        <test-method is-config="true" signature="tearDown()[pri:0, instance:testcases.OpenAccountTest@4215838f]" started-at="2023-09-21T12:11:07Z" name="tearDown" finished-at="2023-09-21T12:11:07Z" duration-ms="369" status="PASS">
          <reporter-output>
          </reporter-output>
        </test-method> <!-- tearDown -->
      </class> <!-- testcases.OpenAccountTest -->
    </test> <!-- Open Account Test -->
  </suite> <!-- TestNG Framework -->
</testng-results>
