<?xml version="1.0" encoding="UTF-8"?>
<!-- Generated by org.testng.reporters.JUnitXMLReporter -->
<testsuite ignored="0" hostname="DESKTOP-JMN770U" failures="0" tests="3" name="Add Customer Test" time="5.014" errors="0" timestamp="05 Sep 2023 12:24:23 GMT">
  <testcase classname="testcases.AddCustomerTest" name="addCustomer" time="1.873"/>
  <testcase classname="testcases.AddCustomerTest" name="addCustomer" time="1.565"/>
  <testcase classname="testcases.AddCustomerTest" name="addCustomer" time="1.509"/>
</testsuite> <!-- Add Customer Test -->
