<?xml version="1.0" encoding="UTF-8"?>
<!-- Generated by org.testng.reporters.JUnitXMLReporter -->
<testsuite ignored="0" hostname="DESKTOP-JMN770U" failures="0" tests="4" name="Login Test" time="7.119" errors="0" timestamp="04 Sep 2023 08:08:14 GMT">
  <testcase classname="testcases.LoginTest" name="doLogin" time="0.844"/>
  <testcase classname="testcases.LoginTest" name="doLogin" time="2.125"/>
  <testcase classname="testcases.LoginTest" name="doLogin" time="1.875"/>
  <testcase classname="testcases.LoginTest" name="doLogin" time="2.143"/>
</testsuite> <!-- Login Test -->
