<?xml version="1.0" encoding="UTF-8"?>
<!-- Generated by org.testng.reporters.JUnitXMLReporter -->
<testsuite ignored="0" hostname="DESKTOP-JMN770U" failures="0" tests="3" name="Add Customer Test" time="6.528" errors="0" timestamp="21 Sep 2023 12:11:03 GMT">
  <testcase classname="testcases.AddCustomerTest" name="addCustomer" time="2.418"/>
  <testcase classname="testcases.AddCustomerTest" name="addCustomer" time="1.986"/>
  <testcase classname="testcases.AddCustomerTest" name="addCustomer" time="1.987"/>
</testsuite> <!-- Add Customer Test -->
